This file contains any messages produced by compilers while
running configure, to aid debugging if configure makes a mistake.

It was created by libtar configure 1.2.11, which was
generated by GNU Autoconf 2.57.  Invocation command line was

  $ ./configure 

## --------- ##
## Platform. ##
## --------- ##

hostname = imac.local
uname -m = x86_64
uname -r = 11.4.0
uname -s = Darwin
uname -v = Darwin Kernel Version 11.4.0: Mon Apr  9 19:32:15 PDT 2012; root:xnu-1699.26.8~1/RELEASE_X86_64

/usr/bin/uname -p = i386
/bin/uname -X     = unknown

/bin/arch              = unknown
/usr/bin/arch -k       = unknown
/usr/convex/getsysinfo = unknown
hostinfo               = Mach kernel version:
	 Darwin Kernel Version 11.4.0: Mon Apr  9 19:32:15 PDT 2012; root:xnu-1699.26.8~1/RELEASE_X86_64
Kernel configured for up to 4 processors.
4 processors are physically available.
4 processors are logically available.
Processor type: i486 (Intel 80486)
Processors active: 0 1 2 3
Primary memory available: 12.00 gigabytes
Default processor set: 121 tasks, 673 threads, 4 processors
Load average: 0.17, Mach factor: 3.82
/bin/machine           = unknown
/usr/bin/oslevel       = unknown
/bin/universe          = unknown

PATH: /Users/sasha/.rvm/gems/ruby-1.9.3-p194/bin
PATH: /Users/sasha/.rvm/gems/ruby-1.9.3-p194@global/bin
PATH: /Users/sasha/.rvm/rubies/ruby-1.9.3-p194/bin
PATH: /Users/sasha/.rvm/bin
PATH: /opt/opendylan-2011.1/bin
PATH: /Users/sasha/bin
PATH: /Users/sasha/.local/bin
PATH: /Applications/Emacs.app/Contents/MacOS/bin
PATH: /Developer/Tools
PATH: /usr/local/bin
PATH: /bin
PATH: /sbin
PATH: /usr/bin
PATH: /usr/local/bin
PATH: /usr/sbin
PATH: /usr/local/bin
PATH: /usr/texbin


## ----------- ##
## Core tests. ##
## ----------- ##

configure:1335: checking for epkg
configure:1368: result: no
configure:1374: checking for mkencap
configure:1407: result: no
configure:1697: checking for gcc
configure:1713: found /usr/bin/gcc
configure:1723: result: gcc
configure:1967: checking for C compiler version
configure:1970: gcc --version </dev/null >&5
i686-apple-darwin11-llvm-gcc-4.2 (GCC) 4.2.1 (Based on Apple Inc. build 5658) (LLVM build 2336.9.00)
Copyright (C) 2007 Free Software Foundation, Inc.
This is free software; see the source for copying conditions.  There is NO
warranty; not even for MERCHANTABILITY or FITNESS FOR A PARTICULAR PURPOSE.

configure:1973: $? = 0
configure:1975: gcc -v </dev/null >&5
Using built-in specs.
Target: i686-apple-darwin11
Configured with: /private/var/tmp/llvmgcc42/llvmgcc42-2336.9~22/src/configure --disable-checking --enable-werror --prefix=/Applications/Xcode.app/Contents/Developer/usr/llvm-gcc-4.2 --mandir=/share/man --enable-languages=c,objc,c++,obj-c++ --program-prefix=llvm- --program-transform-name=/^[cg][^.-]*$/s/$/-4.2/ --with-slibdir=/usr/lib --build=i686-apple-darwin11 --enable-llvm=/private/var/tmp/llvmgcc42/llvmgcc42-2336.9~22/dst-llvmCore/Developer/usr/local --program-prefix=i686-apple-darwin11- --host=x86_64-apple-darwin11 --target=i686-apple-darwin11 --with-gxx-include-dir=/usr/include/c++/4.2.1
Thread model: posix
gcc version 4.2.1 (Based on Apple Inc. build 5658) (LLVM build 2336.9.00)
configure:1978: $? = 0
configure:1980: gcc -V </dev/null >&5
llvm-gcc-4.2: argument to `-V' is missing
configure:1983: $? = 1
configure:2007: checking for C compiler default output
configure:2010: gcc    conftest.c  >&5
configure:2013: $? = 0
configure:2059: result: a.out
configure:2064: checking whether the C compiler works
configure:2070: ./a.out
configure:2073: $? = 0
configure:2090: result: yes
configure:2097: checking whether we are cross compiling
configure:2099: result: no
configure:2102: checking for suffix of executables
configure:2104: gcc -o conftest    conftest.c  >&5
configure:2107: $? = 0
configure:2132: result: 
configure:2138: checking for suffix of object files
configure:2160: gcc -c   conftest.c >&5
configure:2163: $? = 0
configure:2185: result: o
configure:2189: checking whether we are using the GNU C compiler
configure:2214: gcc -c   conftest.c >&5
configure:2217: $? = 0
configure:2220: test -s conftest.o
configure:2223: $? = 0
configure:2236: result: yes
configure:2242: checking whether gcc accepts -g
configure:2264: gcc -c -g  conftest.c >&5
configure:2267: $? = 0
configure:2270: test -s conftest.o
configure:2273: $? = 0
configure:2284: result: yes
configure:2301: checking for gcc option to accept ANSI C
configure:2362: gcc  -c -g -O2  conftest.c >&5
configure:2365: $? = 0
configure:2368: test -s conftest.o
configure:2371: $? = 0
configure:2389: result: none needed
configure:2407: gcc -c -g -O2  conftest.c >&5
conftest.c:2: error: expected '=', ',', ';', 'asm' or '__attribute__' before 'me'
configure:2410: $? = 1
configure: failed program was:
| #ifndef __cplusplus
|   choke me
| #endif
configure:2527: checking for strlcpy
configure:2577: gcc -o conftest -g -O2   conftest.c  >&5
configure:2580: $? = 0
configure:2583: test -s conftest
configure:2586: $? = 0
configure:2597: result: yes
configure:2619: checking for strsep
configure:2669: gcc -o conftest -g -O2   conftest.c  >&5
configure:2672: $? = 0
configure:2675: test -s conftest
configure:2678: $? = 0
configure:2689: result: yes
configure:2787: checking for gcc
configure:2813: result: gcc
configure:3057: checking for C compiler version
configure:3060: gcc --version </dev/null >&5
i686-apple-darwin11-llvm-gcc-4.2 (GCC) 4.2.1 (Based on Apple Inc. build 5658) (LLVM build 2336.9.00)
Copyright (C) 2007 Free Software Foundation, Inc.
This is free software; see the source for copying conditions.  There is NO
warranty; not even for MERCHANTABILITY or FITNESS FOR A PARTICULAR PURPOSE.

configure:3063: $? = 0
configure:3065: gcc -v </dev/null >&5
Using built-in specs.
Target: i686-apple-darwin11
Configured with: /private/var/tmp/llvmgcc42/llvmgcc42-2336.9~22/src/configure --disable-checking --enable-werror --prefix=/Applications/Xcode.app/Contents/Developer/usr/llvm-gcc-4.2 --mandir=/share/man --enable-languages=c,objc,c++,obj-c++ --program-prefix=llvm- --program-transform-name=/^[cg][^.-]*$/s/$/-4.2/ --with-slibdir=/usr/lib --build=i686-apple-darwin11 --enable-llvm=/private/var/tmp/llvmgcc42/llvmgcc42-2336.9~22/dst-llvmCore/Developer/usr/local --program-prefix=i686-apple-darwin11- --host=x86_64-apple-darwin11 --target=i686-apple-darwin11 --with-gxx-include-dir=/usr/include/c++/4.2.1
Thread model: posix
gcc version 4.2.1 (Based on Apple Inc. build 5658) (LLVM build 2336.9.00)
configure:3068: $? = 0
configure:3070: gcc -V </dev/null >&5
llvm-gcc-4.2: argument to `-V' is missing
configure:3073: $? = 1
configure:3076: checking whether we are using the GNU C compiler
configure:3123: result: yes
configure:3129: checking whether gcc accepts -g
configure:3171: result: yes
configure:3188: checking for gcc option to accept ANSI C
configure:3276: result: none needed
configure:3294: gcc -c -g -O2  conftest.c >&5
conftest.c:2: error: expected '=', ',', ';', 'asm' or '__attribute__' before 'me'
configure:3297: $? = 1
configure: failed program was:
| #ifndef __cplusplus
|   choke me
| #endif
configure:3447: checking for ranlib
configure:3463: found /usr/bin/ranlib
configure:3474: result: ranlib
configure:3498: checking for a BSD-compatible install
configure:3552: result: /usr/bin/install -c
configure:3563: checking whether ln -s works
configure:3567: result: yes
configure:3574: checking whether make sets $(MAKE)
configure:3594: result: yes
configure:3610: checking how to run the C preprocessor
configure:3646: gcc -E  conftest.c
configure:3652: $? = 0
configure:3684: gcc -E  conftest.c
configure:3687:28: error: ac_nonexistent.h: No such file or directory
configure:3690: $? = 1
configure: failed program was:
| #line 3675 "configure"
| /* confdefs.h.  */
| 
| #define PACKAGE_NAME "libtar"
| #define PACKAGE_TARNAME "libtar"
| #define PACKAGE_VERSION "1.2.11"
| #define PACKAGE_STRING "libtar 1.2.11"
| #define PACKAGE_BUGREPORT ""
| #define NEED_STRLCPY 1
| #define HAVE_STRLCPY 1
| #define NEED_STRSEP 1
| #define HAVE_STRSEP 1
| /* end confdefs.h.  */
| #include <ac_nonexistent.h>
configure:3728: result: gcc -E
configure:3753: gcc -E  conftest.c
configure:3759: $? = 0
configure:3791: gcc -E  conftest.c
configure:3794:28: error: ac_nonexistent.h: No such file or directory
configure:3797: $? = 1
configure: failed program was:
| #line 3782 "configure"
| /* confdefs.h.  */
| 
| #define PACKAGE_NAME "libtar"
| #define PACKAGE_TARNAME "libtar"
| #define PACKAGE_VERSION "1.2.11"
| #define PACKAGE_STRING "libtar 1.2.11"
| #define PACKAGE_BUGREPORT ""
| #define NEED_STRLCPY 1
| #define HAVE_STRLCPY 1
| #define NEED_STRSEP 1
| #define HAVE_STRSEP 1
| /* end confdefs.h.  */
| #include <ac_nonexistent.h>
configure:3840: checking for egrep
configure:3850: result: grep -E
configure:3856: checking for AIX
configure:3879: result: no
configure:3885: checking for an ANSI C-conforming const
configure:3953: gcc -c -g -O2  conftest.c >&5
configure:3956: $? = 0
configure:3959: test -s conftest.o
configure:3962: $? = 0
configure:3973: result: yes
configure:3985: checking for ANSI C header files
configure:4011: gcc -c -g -O2  conftest.c >&5
configure:4014: $? = 0
configure:4017: test -s conftest.o
configure:4020: $? = 0
configure:4112: gcc -o conftest -g -O2   conftest.c  >&5
configure: In function 'main':
configure:4109: warning: incompatible implicit declaration of built-in function 'exit'
configure:4115: $? = 0
configure:4117: ./conftest
configure:4120: $? = 0
configure:4135: result: yes
configure:4159: checking for sys/types.h
configure:4176: gcc -c -g -O2  conftest.c >&5
configure:4179: $? = 0
configure:4182: test -s conftest.o
configure:4185: $? = 0
configure:4196: result: yes
configure:4159: checking for sys/stat.h
configure:4176: gcc -c -g -O2  conftest.c >&5
configure:4179: $? = 0
configure:4182: test -s conftest.o
configure:4185: $? = 0
configure:4196: result: yes
configure:4159: checking for stdlib.h
configure:4176: gcc -c -g -O2  conftest.c >&5
configure:4179: $? = 0
configure:4182: test -s conftest.o
configure:4185: $? = 0
configure:4196: result: yes
configure:4159: checking for string.h
configure:4176: gcc -c -g -O2  conftest.c >&5
configure:4179: $? = 0
configure:4182: test -s conftest.o
configure:4185: $? = 0
configure:4196: result: yes
configure:4159: checking for memory.h
configure:4176: gcc -c -g -O2  conftest.c >&5
configure:4179: $? = 0
configure:4182: test -s conftest.o
configure:4185: $? = 0
configure:4196: result: yes
configure:4159: checking for strings.h
configure:4176: gcc -c -g -O2  conftest.c >&5
configure:4179: $? = 0
configure:4182: test -s conftest.o
configure:4185: $? = 0
configure:4196: result: yes
configure:4159: checking for inttypes.h
configure:4176: gcc -c -g -O2  conftest.c >&5
configure:4179: $? = 0
configure:4182: test -s conftest.o
configure:4185: $? = 0
configure:4196: result: yes
configure:4159: checking for stdint.h
configure:4176: gcc -c -g -O2  conftest.c >&5
configure:4179: $? = 0
configure:4182: test -s conftest.o
configure:4185: $? = 0
configure:4196: result: yes
configure:4159: checking for unistd.h
configure:4176: gcc -c -g -O2  conftest.c >&5
configure:4179: $? = 0
configure:4182: test -s conftest.o
configure:4185: $? = 0
configure:4196: result: yes
configure:4213: checking for unistd.h
configure:4218: result: yes
configure:4350: checking whether sys/types.h defines makedev
configure:4372: gcc -o conftest -g -O2   conftest.c  >&5
configure:4375: $? = 0
configure:4378: test -s conftest
configure:4381: $? = 0
configure:4393: result: yes
configure:4678: checking for major_t
configure:4713: gcc -c -g -O2  conftest.c >&5
configure: In function 'main':
configure:4720: error: 'major_t' undeclared (first use in this function)
configure:4720: error: (Each undeclared identifier is reported only once
configure:4720: error: for each function it appears in.)
configure:4720: error: expected expression before ')' token
configure:4716: $? = 1
configure: failed program was:
| #line 4683 "configure"
| /* confdefs.h.  */
| 
| #define PACKAGE_NAME "libtar"
| #define PACKAGE_TARNAME "libtar"
| #define PACKAGE_VERSION "1.2.11"
| #define PACKAGE_STRING "libtar 1.2.11"
| #define PACKAGE_BUGREPORT ""
| #define NEED_STRLCPY 1
| #define HAVE_STRLCPY 1
| #define NEED_STRSEP 1
| #define HAVE_STRSEP 1
| #define STDC_HEADERS 1
| #define HAVE_SYS_TYPES_H 1
| #define HAVE_SYS_STAT_H 1
| #define HAVE_STDLIB_H 1
| #define HAVE_STRING_H 1
| #define HAVE_MEMORY_H 1
| #define HAVE_STRINGS_H 1
| #define HAVE_INTTYPES_H 1
| #define HAVE_STDINT_H 1
| #define HAVE_UNISTD_H 1
| #define HAVE_UNISTD_H 1
| /* end confdefs.h.  */
| #include <sys/types.h>
|   #ifdef MAJOR_IN_MKDEV
|   # include <sys/mkdev.h>
|   #else
|   # ifdef MAJOR_IN_SYSMACROS
|   #  include <sys/sysmacros.h>
|   # endif
|   #endif
| 
| 
| 
| int
| main ()
| {
| if ((major_t *) 0)
|   return 0;
| if (sizeof (major_t))
|   return 0;
|   ;
|   return 0;
| }
configure:4733: result: no
configure:4751: checking for minor_t
configure:4786: gcc -c -g -O2  conftest.c >&5
configure: In function 'main':
configure:4794: error: 'minor_t' undeclared (first use in this function)
configure:4794: error: (Each undeclared identifier is reported only once
configure:4794: error: for each function it appears in.)
configure:4794: error: expected expression before ')' token
configure:4789: $? = 1
configure: failed program was:
| #line 4756 "configure"
| /* confdefs.h.  */
| 
| #define PACKAGE_NAME "libtar"
| #define PACKAGE_TARNAME "libtar"
| #define PACKAGE_VERSION "1.2.11"
| #define PACKAGE_STRING "libtar 1.2.11"
| #define PACKAGE_BUGREPORT ""
| #define NEED_STRLCPY 1
| #define HAVE_STRLCPY 1
| #define NEED_STRSEP 1
| #define HAVE_STRSEP 1
| #define STDC_HEADERS 1
| #define HAVE_SYS_TYPES_H 1
| #define HAVE_SYS_STAT_H 1
| #define HAVE_STDLIB_H 1
| #define HAVE_STRING_H 1
| #define HAVE_MEMORY_H 1
| #define HAVE_STRINGS_H 1
| #define HAVE_INTTYPES_H 1
| #define HAVE_STDINT_H 1
| #define HAVE_UNISTD_H 1
| #define HAVE_UNISTD_H 1
| #define major_t unsigned int
| /* end confdefs.h.  */
| #include <sys/types.h>
|   #ifdef MAJOR_IN_MKDEV
|   # include <sys/mkdev.h>
|   #else
|   # ifdef MAJOR_IN_SYSMACROS
|   #  include <sys/sysmacros.h>
|   # endif
|   #endif
| 
| 
| 
| int
| main ()
| {
| if ((minor_t *) 0)
|   return 0;
| if (sizeof (minor_t))
|   return 0;
|   ;
|   return 0;
| }
configure:4806: result: no
configure:4824: checking for dev_t
configure:4859: gcc -c -g -O2  conftest.c >&5
configure:4862: $? = 0
configure:4865: test -s conftest.o
configure:4868: $? = 0
configure:4879: result: yes
configure:4897: checking for socklen_t
configure:4926: gcc -c -g -O2  conftest.c >&5
configure:4929: $? = 0
configure:4932: test -s conftest.o
configure:4935: $? = 0
configure:4946: result: yes
configure:4964: checking for uint64_t
configure:4989: gcc -c -g -O2  conftest.c >&5
configure:4992: $? = 0
configure:4995: test -s conftest.o
configure:4998: $? = 0
configure:5009: result: yes
configure:5027: checking for mode_t
configure:5052: gcc -c -g -O2  conftest.c >&5
configure:5055: $? = 0
configure:5058: test -s conftest.o
configure:5061: $? = 0
configure:5072: result: yes
configure:5084: checking for off_t
configure:5109: gcc -c -g -O2  conftest.c >&5
configure:5112: $? = 0
configure:5115: test -s conftest.o
configure:5118: $? = 0
configure:5129: result: yes
configure:5141: checking for size_t
configure:5166: gcc -c -g -O2  conftest.c >&5
configure:5169: $? = 0
configure:5172: test -s conftest.o
configure:5175: $? = 0
configure:5186: result: yes
configure:5198: checking for uid_t in sys/types.h
configure:5222: result: yes
configure:5237: checking for nlink_t
configure:5262: gcc -c -g -O2  conftest.c >&5
configure:5265: $? = 0
configure:5268: test -s conftest.o
configure:5271: $? = 0
configure:5282: result: yes
configure:5322: checking libgen.h usability
configure:5335: gcc -c -g -O2  conftest.c >&5
configure:5338: $? = 0
configure:5341: test -s conftest.o
configure:5344: $? = 0
configure:5354: result: yes
configure:5358: checking libgen.h presence
configure:5369: gcc -E  conftest.c
configure:5375: $? = 0
configure:5394: result: yes
configure:5430: checking for libgen.h
configure:5437: result: yes
configure:5450: checking for working basename
configure:5499: gcc -o conftest -g -O2   conftest.c  >&5
configure: In function 'main':
configure:5512: warning: incompatible implicit declaration of built-in function 'strcpy'
configure:5515: warning: incompatible implicit declaration of built-in function 'exit'
configure:5518: warning: incompatible implicit declaration of built-in function 'exit'
configure:5502: $? = 0
configure:5504: ./conftest
configure:5507: $? = 0
configure:5522: result: yes
configure:5545: checking for libgen.h
configure:5550: result: yes
configure:5682: checking for working dirname
configure:5734: gcc -o conftest -g -O2   conftest.c  >&5
configure: In function 'main':
configure:5750: warning: incompatible implicit declaration of built-in function 'strcpy'
configure:5753: warning: incompatible implicit declaration of built-in function 'exit'
configure:5756: warning: incompatible implicit declaration of built-in function 'exit'
configure:5737: $? = 0
configure:5739: ./conftest
configure:5742: $? = 0
configure:5757: result: yes
configure:5789: checking fnmatch.h usability
configure:5802: gcc -c -g -O2  conftest.c >&5
configure:5805: $? = 0
configure:5808: test -s conftest.o
configure:5811: $? = 0
configure:5821: result: yes
configure:5825: checking fnmatch.h presence
configure:5836: gcc -E  conftest.c
configure:5842: $? = 0
configure:5861: result: yes
configure:5897: checking for fnmatch.h
configure:5904: result: yes
configure:5918: checking for working POSIX fnmatch
configure:5957: gcc -o conftest -g -O2   conftest.c  >&5
configure: In function 'main':
configure:5975: warning: incompatible implicit declaration of built-in function 'exit'
configure:5960: $? = 0
configure:5962: ./conftest
configure:5965: $? = 0
configure:5979: result: yes
configure:6142: checking for lchown
configure:6192: gcc -o conftest -g -O2   conftest.c  >&5
configure:6195: $? = 0
configure:6198: test -s conftest
configure:6201: $? = 0
configure:6212: result: yes
configure:6229: checking whether makedev expects three arguments
configure:6278: gcc -o conftest -g -O2   conftest.c  >&5
configure:6299:26: error: macro "makedev" passed 3 arguments, but takes just 2
configure: In function 'main':
configure:6299: error: 'makedev' undeclared (first use in this function)
configure:6299: error: (Each undeclared identifier is reported only once
configure:6299: error: for each function it appears in.)
configure:6302: warning: incompatible implicit declaration of built-in function 'exit'
configure:6281: $? = 1
configure: program exited with status 1
configure: failed program was:
| 
|       #line 6241 "configure"
| /* confdefs.h.  */
| 
| #define PACKAGE_NAME "libtar"
| #define PACKAGE_TARNAME "libtar"
| #define PACKAGE_VERSION "1.2.11"
| #define PACKAGE_STRING "libtar 1.2.11"
| #define PACKAGE_BUGREPORT ""
| #define NEED_STRLCPY 1
| #define HAVE_STRLCPY 1
| #define NEED_STRSEP 1
| #define HAVE_STRSEP 1
| #define STDC_HEADERS 1
| #define HAVE_SYS_TYPES_H 1
| #define HAVE_SYS_STAT_H 1
| #define HAVE_STDLIB_H 1
| #define HAVE_STRING_H 1
| #define HAVE_MEMORY_H 1
| #define HAVE_STRINGS_H 1
| #define HAVE_INTTYPES_H 1
| #define HAVE_STDINT_H 1
| #define HAVE_UNISTD_H 1
| #define HAVE_UNISTD_H 1
| #define major_t unsigned int
| #define minor_t unsigned int
| #define HAVE_DEV_T 1
| #define HAVE_SOCKLEN_T 1
| #define HAVE_UINT64_T 1
| #define HAVE_NLINK_T 1
| #define NEED_BASENAME 1
| #define HAVE_LIBGEN_H 1
| #define HAVE_BASENAME 1
| #define NEED_DIRNAME 1
| #define HAVE_LIBGEN_H 1
| #define HAVE_DIRNAME 1
| #define NEED_FNMATCH 1
| #define HAVE_FNMATCH_H 1
| #define HAVE_FNMATCH 1
| #define HAVE_LCHOWN 1
| #define NEED_MAKEDEV 1
| /* end confdefs.h.  */
| 
| #include <sys/types.h>
| #ifdef MAJOR_IN_MKDEV
| # include <sys/mkdev.h>
| #else
| # ifdef MAJOR_IN_SYSMACROS
| #  include <sys/sysmacros.h>
| # endif
| #endif
| 
| int
| main ()
| {
| 
| dev_t dev;
| major_t maj = 5;
| minor_t min = 7;
| 
| dev = makedev(0, maj, min);
| if (major(dev) != maj
|     || minor(dev) != min)
|   exit(1);
| exit(0);
| 
|   ;
|   return 0;
| }
configure:6302: result: no
configure:6318: checking for working snprintf
configure:6370: gcc -o conftest -g -O2   conftest.c  >&5
configure: In function 'main':
configure:6392: warning: incompatible implicit declaration of built-in function 'memset'
configure:6396: warning: incompatible implicit declaration of built-in function 'exit'
configure:6399: warning: incompatible implicit declaration of built-in function 'exit'
configure:6373: $? = 0
configure:6375: ./conftest
configure:6378: $? = 0
configure:6393: result: yes
configure:6412: checking for strdup
configure:6462: gcc -o conftest -g -O2   conftest.c  >&5
configure:6476: warning: conflicting types for built-in function 'strdup'
configure:6465: $? = 0
configure:6468: test -s conftest
configure:6471: $? = 0
configure:6482: result: yes
configure:6501: checking for strftime
configure:6551: gcc -o conftest -g -O2   conftest.c  >&5
configure:6566: warning: conflicting types for built-in function 'strftime'
configure:6554: $? = 0
configure:6557: test -s conftest
configure:6560: $? = 0
configure:6571: result: yes
configure:6652: checking for strlcpy
configure:6722: result: yes
configure:6744: checking for strmode
configure:6794: gcc -o conftest -g -O2   conftest.c  >&5
configure:6797: $? = 0
configure:6800: test -s conftest
configure:6803: $? = 0
configure:6814: result: yes
configure:6836: checking for strsep
configure:6906: result: yes
configure:6933: checking for gzread in -lz
configure:6964: gcc -o conftest -g -O2   conftest.c -lz   >&5
configure:6967: $? = 0
configure:6970: test -s conftest
configure:6973: $? = 0
configure:6985: result: yes
configure:7096: creating ./config.status

## ---------------------- ##
## Running config.status. ##
## ---------------------- ##

This file was extended by libtar config.status 1.2.11, which was
generated by GNU Autoconf 2.57.  Invocation command line was

  CONFIG_FILES    = 
  CONFIG_HEADERS  = 
  CONFIG_LINKS    = 
  CONFIG_COMMANDS = 
  $ ./config.status 

on imac.local

config.status:635: creating listhash/libtar_listhash.h
config.status:635: creating listhash/libtar_list.c
config.status:635: creating listhash/libtar_hash.c
config.status:635: creating listhash/libtar_list_new.3
config.status:635: creating listhash/libtar_hash_new.3
config.status:635: creating Makefile
config.status:635: creating lib/Makefile
config.status:635: creating libtar/Makefile
config.status:635: creating doc/Makefile
config.status:739: creating config.h

## ---------------- ##
## Cache variables. ##
## ---------------- ##

ac_cv_c_compiler_gnu=yes
ac_cv_c_const=yes
ac_cv_env_CC_set=
ac_cv_env_CC_value=
ac_cv_env_CFLAGS_set=
ac_cv_env_CFLAGS_value=
ac_cv_env_CPPFLAGS_set=
ac_cv_env_CPPFLAGS_value=
ac_cv_env_CPP_set=
ac_cv_env_CPP_value=
ac_cv_env_LDFLAGS_set=
ac_cv_env_LDFLAGS_value=
ac_cv_env_build_alias_set=
ac_cv_env_build_alias_value=
ac_cv_env_host_alias_set=
ac_cv_env_host_alias_value=
ac_cv_env_target_alias_set=
ac_cv_env_target_alias_value=
ac_cv_exeext=
ac_cv_func_fnmatch_works=yes
ac_cv_func_lchown=yes
ac_cv_func_strdup=yes
ac_cv_func_strftime=yes
ac_cv_func_strlcpy=yes
ac_cv_func_strmode=yes
ac_cv_func_strsep=yes
ac_cv_header_fnmatch_h=yes
ac_cv_header_inttypes_h=yes
ac_cv_header_libgen_h=yes
ac_cv_header_memory_h=yes
ac_cv_header_stdc=yes
ac_cv_header_stdint_h=yes
ac_cv_header_stdlib_h=yes
ac_cv_header_string_h=yes
ac_cv_header_strings_h=yes
ac_cv_header_sys_stat_h=yes
ac_cv_header_sys_types_h=yes
ac_cv_header_sys_types_h_makedev=yes
ac_cv_header_unistd_h=yes
ac_cv_lib_z_gzread=yes
ac_cv_objext=o
ac_cv_path_install='/usr/bin/install -c'
ac_cv_prog_CPP='gcc -E'
ac_cv_prog_ac_ct_CC=gcc
ac_cv_prog_ac_ct_RANLIB=ranlib
ac_cv_prog_cc_g=yes
ac_cv_prog_cc_stdc=
ac_cv_prog_egrep='grep -E'
ac_cv_prog_make_make_set=yes
ac_cv_type_dev_t=yes
ac_cv_type_major_t=no
ac_cv_type_minor_t=no
ac_cv_type_mode_t=yes
ac_cv_type_nlink_t=yes
ac_cv_type_off_t=yes
ac_cv_type_size_t=yes
ac_cv_type_socklen_t=yes
ac_cv_type_uid_t=yes
ac_cv_type_uint64_t=yes
compat_cv_func_basename_works=yes
compat_cv_func_dirname_works=yes
compat_cv_func_makedev_three_args=no
compat_cv_func_snprintf_works=yes

## ----------------- ##
## Output variables. ##
## ----------------- ##

CC='gcc'
CFLAGS='-g -O2'
CPP='gcc -E'
CPPFLAGS=''
DEFS='-DHAVE_CONFIG_H'
ECHO_C='ECHO_N=''
ECHO_T=''
EGREP='grep -E'
ENCAP_DEFS=''
ENCAP_INSTALL_RULES=''
ENCAP_INSTALL_TARGET=''
EPKG=''
EXEEXT=''
INSTALL_DATA='${INSTALL} -m 644'
INSTALL_PROGRAM='${INSTALL}'
INSTALL_SCRIPT='${INSTALL}'
LDFLAGS=''
LIBOBJS=''
LIBS='-lz '
LISTHASH_DIR='listhash'
LISTHASH_PREFIX='libtar'
LN_S='ln -s'
LTLIBOBJS=''
MKDIR='mkdir -p -m 755'
MKENCAP=''
OBJEXT='o'
PACKAGE_BUGREPORT=''
PACKAGE_NAME='libtar'
PACKAGE_STRING='libtar 1.2.11'
PACKAGE_TARNAME='libtar'
PACKAGE_VERSION='1.2.11'
PATH_SEPARATOR=':'
RANLIB='ranlib'
SET_MAKE=''
SHELL='/bin/sh'
ac_ct_CC='gcc'
ac_ct_RANLIB='ranlib'
bindir='${exec_prefix}/bin'
build_alias=''
datadir='${prefix}/share'
exec_prefix='${prefix}'
host_alias=''
includedir='${prefix}/include'
infodir='${prefix}/info'
libdir='${exec_prefix}/lib'
libexecdir='${exec_prefix}/libexec'
localstatedir='${prefix}/var'
mandir='${prefix}/man'
oldincludedir='/usr/include'
prefix='/usr/local'
program_transform_name='s,x,x,'
sbindir='${exec_prefix}/sbin'
sharedstatedir='${prefix}/com'
sysconfdir='${prefix}/etc'
target_alias=''

## ----------- ##
## confdefs.h. ##
## ----------- ##

#define HAVE_BASENAME 1
#define HAVE_DEV_T 1
#define HAVE_DIRNAME 1
#define HAVE_FNMATCH 1
#define HAVE_FNMATCH_H 1
#define HAVE_INTTYPES_H 1
#define HAVE_LCHOWN 1
#define HAVE_LIBGEN_H 1
#define HAVE_LIBGEN_H 1
#define HAVE_LIBZ 1
#define HAVE_MEMORY_H 1
#define HAVE_NLINK_T 1
#define HAVE_SNPRINTF 1
#define HAVE_SOCKLEN_T 1
#define HAVE_STDINT_H 1
#define HAVE_STDLIB_H 1
#define HAVE_STRDUP 1
#define HAVE_STRFTIME 1
#define HAVE_STRINGS_H 1
#define HAVE_STRING_H 1
#define HAVE_STRLCPY 1
#define HAVE_STRLCPY 1
#define HAVE_STRMODE 1
#define HAVE_STRSEP 1
#define HAVE_STRSEP 1
#define HAVE_SYS_STAT_H 1
#define HAVE_SYS_TYPES_H 1
#define HAVE_UINT64_T 1
#define HAVE_UNISTD_H 1
#define HAVE_UNISTD_H 1
#define NEED_BASENAME 1
#define NEED_DIRNAME 1
#define NEED_FNMATCH 1
#define NEED_MAKEDEV 1
#define NEED_SNPRINTF 1
#define NEED_STRDUP 1
#define NEED_STRLCPY 1
#define NEED_STRLCPY 1
#define NEED_STRMODE 1
#define NEED_STRSEP 1
#define NEED_STRSEP 1
#define PACKAGE_BUGREPORT ""
#define PACKAGE_NAME "libtar"
#define PACKAGE_STRING "libtar 1.2.11"
#define PACKAGE_TARNAME "libtar"
#define PACKAGE_VERSION "1.2.11"
#define STDC_HEADERS 1
#define major_t unsigned int
#define minor_t unsigned int

configure: exit 0
